Initializing document watcher...
Detected change in configuration: {}
LaravelReactJsSample/resources/js/components/category/Listting.js: {"insertSpaces":true,"tabSize":4}
LaravelReactJsSample/package.json: {"insertSpaces":true,"tabSize":4}
LaravelReactJsSample/resources/js/app.js: {"insertSpaces":true,"tabSize":4}
LaravelReactJsSample/resources/js/components/Index.js: {"insertSpaces":true,"tabSize":4}
LaravelReactJsSample/resources/js/components/Home.js: {"insertSpaces":true,"tabSize":4}
LaravelReactJsSample/resources/js/components/Header.js: {"insertSpaces":true,"tabSize":4}
LaravelReactJsSample/resources/js/components/Footer.js: {"insertSpaces":true,"tabSize":4}
LaravelReactJsSample/resources/js/components/About.js: {"insertSpaces":true,"tabSize":4}
LaravelReactJsSample/resources/js/components/category/SuccessAlert.js: {"insertSpaces":true,"tabSize":4}
LaravelReactJsSample/resources/js/components/category/Listting.js: {"insertSpaces":true,"tabSize":4}
LaravelReactJsSample/resources/js/components/category/Index.js: {"insertSpaces":true,"tabSize":4}
LaravelReactJsSample/resources/js/components/category/ErrorAlert.js: {"insertSpaces":true,"tabSize":4}
LaravelReactJsSample/resources/js/components/category/Edit.js: {"insertSpaces":true,"tabSize":4}
LaravelReactJsSample/resources/js/components/category/Add.js: {"insertSpaces":true,"tabSize":4}
LaravelReactJsSample/resources/js/components/Index.js: {"insertSpaces":true,"tabSize":4}
LaravelReactJsSample/resources/js/components/category/Listting.js: {"insertSpaces":true,"tabSize":4}
LaravelReactJsSample/package.json: {"insertSpaces":true,"tabSize":4}
LaravelReactJsSample/package.json: {"insertSpaces":true,"tabSize":4}
