Initializing document watcher...
Detected change in configuration: {}
laravel-reactjs-test/resources/js/components/App.js: {"insertSpaces":true,"tabSize":4}
laravel-reactjs-test/resources/js/components/List.js: {"insertSpaces":true,"tabSize":4}
laravel-reactjs-test/resources/js/components/List.js: Using EditorConfig core...
resources/js/components/List.js: setEndOfLine(LF)
resources/js/components/List.js: editor.action.trimTrailingWhitespace
laravel-reactjs-test/resources/js/components/List.js: Using EditorConfig core...
resources/js/components/List.js: setEndOfLine(LF)
resources/js/components/List.js: editor.action.trimTrailingWhitespace
laravel-reactjs-test/resources/js/components/List.js: Using EditorConfig core...
resources/js/components/List.js: setEndOfLine(LF)
resources/js/components/List.js: editor.action.trimTrailingWhitespace
laravel-reactjs-test/resources/js/components/List.js: Using EditorConfig core...
resources/js/components/List.js: setEndOfLine(LF)
resources/js/components/List.js: editor.action.trimTrailingWhitespace
laravel-reactjs-test/resources/js/components/List.js: Using EditorConfig core...
resources/js/components/List.js: setEndOfLine(LF)
resources/js/components/List.js: editor.action.trimTrailingWhitespace
laravel-reactjs-test/resources/js/components/List.js: Using EditorConfig core...
resources/js/components/List.js: setEndOfLine(LF)
resources/js/components/List.js: editor.action.trimTrailingWhitespace
laravel-reactjs-test/resources/js/components/List.js: Using EditorConfig core...
resources/js/components/List.js: setEndOfLine(LF)
resources/js/components/List.js: editor.action.trimTrailingWhitespace
laravel-reactjs-test/resources/js/components/List.js: Using EditorConfig core...
resources/js/components/List.js: setEndOfLine(LF)
resources/js/components/List.js: editor.action.trimTrailingWhitespace
laravel-reactjs-test/resources/js/components/List.js: Using EditorConfig core...
resources/js/components/List.js: setEndOfLine(LF)
resources/js/components/List.js: editor.action.trimTrailingWhitespace
laravel-reactjs-test/resources/js/components/List.js: {"insertSpaces":true,"tabSize":4}
laravel-reactjs-test/resources/js/components/List.js: Using EditorConfig core...
resources/js/components/List.js: setEndOfLine(LF)
resources/js/components/List.js: editor.action.trimTrailingWhitespace
laravel-reactjs-test/resources/js/components/List.js: Using EditorConfig core...
resources/js/components/List.js: setEndOfLine(LF)
resources/js/components/List.js: editor.action.trimTrailingWhitespace
laravel-reactjs-test/resources/js/components/List.js: Using EditorConfig core...
resources/js/components/List.js: setEndOfLine(LF)
resources/js/components/List.js: editor.action.trimTrailingWhitespace
laravel-reactjs-test/resources/js/components/List.js: Using EditorConfig core...
resources/js/components/List.js: setEndOfLine(LF)
resources/js/components/List.js: editor.action.trimTrailingWhitespace
laravel-reactjs-test/resources/js/components/List.js: Using EditorConfig core...
resources/js/components/List.js: setEndOfLine(LF)
resources/js/components/List.js: editor.action.trimTrailingWhitespace
laravel-reactjs-test/resources/js/components/List.js: {"insertSpaces":true,"tabSize":4}
laravel-reactjs-test/resources/js/components/List.js: Using EditorConfig core...
resources/js/components/List.js: setEndOfLine(LF)
resources/js/components/List.js: editor.action.trimTrailingWhitespace
laravel-reactjs-test/resources/js/components/List.js: Using EditorConfig core...
resources/js/components/List.js: setEndOfLine(LF)
resources/js/components/List.js: editor.action.trimTrailingWhitespace
laravel-reactjs-test/resources/js/components/List.js: Using EditorConfig core...
resources/js/components/List.js: setEndOfLine(LF)
resources/js/components/List.js: editor.action.trimTrailingWhitespace
laravel-reactjs-test/resources/js/components/List.js: Using EditorConfig core...
resources/js/components/List.js: setEndOfLine(LF)
resources/js/components/List.js: editor.action.trimTrailingWhitespace
laravel-reactjs-test/resources/js/components/List.js: Using EditorConfig core...
resources/js/components/List.js: setEndOfLine(LF)
resources/js/components/List.js: editor.action.trimTrailingWhitespace
laravel-reactjs-test/resources/js/components/List.js: {"insertSpaces":true,"tabSize":4}
laravel-reactjs-test/resources/js/components/List.js: Using EditorConfig core...
resources/js/components/List.js: setEndOfLine(LF)
resources/js/components/List.js: editor.action.trimTrailingWhitespace
laravel-reactjs-test/resources/js/components/List.js: Using EditorConfig core...
resources/js/components/List.js: setEndOfLine(LF)
resources/js/components/List.js: editor.action.trimTrailingWhitespace
laravel-reactjs-test/resources/js/components/List.js: Using EditorConfig core...
resources/js/components/List.js: setEndOfLine(LF)
resources/js/components/List.js: editor.action.trimTrailingWhitespace
laravel-reactjs-test/resources/js/components/List.js: Using EditorConfig core...
resources/js/components/List.js: setEndOfLine(LF)
resources/js/components/List.js: editor.action.trimTrailingWhitespace
laravel-reactjs-test/resources/js/components/List.js: Using EditorConfig core...
resources/js/components/List.js: setEndOfLine(LF)
resources/js/components/List.js: editor.action.trimTrailingWhitespace
laravel-reactjs-test/resources/js/components/List.js: Using EditorConfig core...
resources/js/components/List.js: setEndOfLine(LF)
resources/js/components/List.js: editor.action.trimTrailingWhitespace
laravel-reactjs-test/resources/js/components/List.js: Using EditorConfig core...
resources/js/components/List.js: setEndOfLine(LF)
resources/js/components/List.js: editor.action.trimTrailingWhitespace
laravel-reactjs-test/resources/js/components/List.js: Using EditorConfig core...
resources/js/components/List.js: setEndOfLine(LF)
resources/js/components/List.js: editor.action.trimTrailingWhitespace
laravel-reactjs-test/resources/js/components/List.js: Using EditorConfig core...
resources/js/components/List.js: setEndOfLine(LF)
resources/js/components/List.js: editor.action.trimTrailingWhitespace
laravel-reactjs-test/resources/js/components/List.js: Using EditorConfig core...
resources/js/components/List.js: setEndOfLine(LF)
resources/js/components/List.js: editor.action.trimTrailingWhitespace
laravel-reactjs-test/resources/js/components/List.js: Using EditorConfig core...
resources/js/components/List.js: setEndOfLine(LF)
resources/js/components/List.js: editor.action.trimTrailingWhitespace
laravel-reactjs-test/resources/js/components/List.js: {"insertSpaces":true,"tabSize":4}
laravel-reactjs-test/resources/js/components/List.js: {"insertSpaces":true,"tabSize":4}
laravel-reactjs-test/resources/js/components/List.js: Using EditorConfig core...
resources/js/components/List.js: setEndOfLine(LF)
resources/js/components/List.js: editor.action.trimTrailingWhitespace
laravel-reactjs-test/resources/js/components/List.js: Using EditorConfig core...
resources/js/components/List.js: setEndOfLine(LF)
resources/js/components/List.js: editor.action.trimTrailingWhitespace
laravel-reactjs-test/resources/js/components/List.js: Using EditorConfig core...
resources/js/components/List.js: setEndOfLine(LF)
resources/js/components/List.js: editor.action.trimTrailingWhitespace
laravel-reactjs-test/resources/js/components/List.js: Using EditorConfig core...
resources/js/components/List.js: setEndOfLine(LF)
resources/js/components/List.js: editor.action.trimTrailingWhitespace
laravel-reactjs-test/resources/js/components/List.js: Using EditorConfig core...
resources/js/components/List.js: setEndOfLine(LF)
resources/js/components/List.js: editor.action.trimTrailingWhitespace
laravel-reactjs-test/resources/js/components/List.js: Using EditorConfig core...
resources/js/components/List.js: setEndOfLine(LF)
resources/js/components/List.js: editor.action.trimTrailingWhitespace
laravel-reactjs-test/resources/js/components/List.js: Using EditorConfig core...
resources/js/components/List.js: setEndOfLine(LF)
resources/js/components/List.js: editor.action.trimTrailingWhitespace
laravel-reactjs-test/resources/js/components/List.js: Using EditorConfig core...
resources/js/components/List.js: setEndOfLine(LF)
resources/js/components/List.js: editor.action.trimTrailingWhitespace
laravel-reactjs-test/resources/js/components/List.js: Using EditorConfig core...
resources/js/components/List.js: setEndOfLine(LF)
resources/js/components/List.js: editor.action.trimTrailingWhitespace
laravel-reactjs-test/resources/js/components/List.js: {"insertSpaces":true,"tabSize":4}
laravel-reactjs-test/resources/js/components/List.js: {"insertSpaces":true,"tabSize":4}
laravel-reactjs-test/resources/js/components/ProjectsList.js: {"insertSpaces":true,"tabSize":4}
laravel-reactjs-test/resources/js/components/List.js: {"insertSpaces":true,"tabSize":4}
laravel-reactjs-test/resources/js/components/List.js: {"insertSpaces":true,"tabSize":4}
Untitled-1.txt: {"insertSpaces":true,"tabSize":4}
Untitled-1.txt: {"insertSpaces":true,"tabSize":4}
Untitled-1.txt: {"insertSpaces":true,"tabSize":4}
