[2019-07-31 08:21:42.143] [renderer1] [warning] UNRESPONSIVE extension host, 'Zignd.html-css-class-completion' took 98% of 435.72ms, saved PROFILE here: '/tmp/exthost-c42d0d.cpuprofile' [{"id":"gc","total":448,"percentage":0},{"id":"program","total":3287,"percentage":1},{"id":"self","total":1041,"percentage":0},{"id":"Zignd.html-css-class-completion","total":428940,"percentage":98}]
[2019-07-31 08:31:52.655] [renderer1] [error] Error: Error: ENOENT: no such file or directory, stat '/var/www/laravel/laravel-reactjs-test/.vscode'
[2019-07-31 08:45:27.502] [renderer1] [error] Error: Error: ENOENT: no such file or directory, stat '/var/www/laravel/LaravelReactJsSample/.vscode'
[2019-07-31 08:47:20.248] [renderer1] [error] Error: Error: ENOENT: no such file or directory, stat '/var/www/laravel/laravel-reactjs-test/.vscode'
[2019-07-31 09:32:21.939] [renderer1] [error] Unable to move/copy when source path is equal or parent of target path: Error: Unable to move/copy when source path is equal or parent of target path
    at b.<anonymous> (file:///usr/share/code/resources/app/out/vs/workbench/workbench.main.js:3316:930)
    at Generator.next (<anonymous>)
    at file:///usr/share/code/resources/app/out/vs/workbench/workbench.main.js:34:621
    at new Promise (<anonymous>)
    at n (file:///usr/share/code/resources/app/out/vs/workbench/workbench.main.js:34:398)
    at b.doValidateMoveCopy (file:///usr/share/code/resources/app/out/vs/workbench/workbench.main.js:3316:783)
    at b.<anonymous> (file:///usr/share/code/resources/app/out/vs/workbench/workbench.main.js:3315:395)
    at Generator.next (<anonymous>)
    at file:///usr/share/code/resources/app/out/vs/workbench/workbench.main.js:34:621
    at new Promise (<anonymous>)
    at n (file:///usr/share/code/resources/app/out/vs/workbench/workbench.main.js:34:398)
    at b.doMoveCopy (file:///usr/share/code/resources/app/out/vs/workbench/workbench.main.js:3315:320)
    at b.<anonymous> (file:///usr/share/code/resources/app/out/vs/workbench/workbench.main.js:3314:783)
    at Generator.next (<anonymous>)
    at r (file:///usr/share/code/resources/app/out/vs/workbench/workbench.main.js:34:454)
    at process._tickCallback (internal/process/next_tick.js:68:7)
[2019-07-31 09:36:06.892] [renderer1] [error] Unable to move/copy when source path is equal or parent of target path: Error: Unable to move/copy when source path is equal or parent of target path
    at b.<anonymous> (file:///usr/share/code/resources/app/out/vs/workbench/workbench.main.js:3316:930)
    at Generator.next (<anonymous>)
    at file:///usr/share/code/resources/app/out/vs/workbench/workbench.main.js:34:621
    at new Promise (<anonymous>)
    at n (file:///usr/share/code/resources/app/out/vs/workbench/workbench.main.js:34:398)
    at b.doValidateMoveCopy (file:///usr/share/code/resources/app/out/vs/workbench/workbench.main.js:3316:783)
    at b.<anonymous> (file:///usr/share/code/resources/app/out/vs/workbench/workbench.main.js:3315:395)
    at Generator.next (<anonymous>)
    at file:///usr/share/code/resources/app/out/vs/workbench/workbench.main.js:34:621
    at new Promise (<anonymous>)
    at n (file:///usr/share/code/resources/app/out/vs/workbench/workbench.main.js:34:398)
    at b.doMoveCopy (file:///usr/share/code/resources/app/out/vs/workbench/workbench.main.js:3315:320)
    at b.<anonymous> (file:///usr/share/code/resources/app/out/vs/workbench/workbench.main.js:3314:783)
    at Generator.next (<anonymous>)
    at r (file:///usr/share/code/resources/app/out/vs/workbench/workbench.main.js:34:454)
    at process._tickCallback (internal/process/next_tick.js:68:7)
[2019-07-31 10:30:30.457] [renderer1] [error] Unable to move/copy when source path is equal or parent of target path: Error: Unable to move/copy when source path is equal or parent of target path
    at b.<anonymous> (file:///usr/share/code/resources/app/out/vs/workbench/workbench.main.js:3316:930)
    at Generator.next (<anonymous>)
    at file:///usr/share/code/resources/app/out/vs/workbench/workbench.main.js:34:621
    at new Promise (<anonymous>)
    at n (file:///usr/share/code/resources/app/out/vs/workbench/workbench.main.js:34:398)
    at b.doValidateMoveCopy (file:///usr/share/code/resources/app/out/vs/workbench/workbench.main.js:3316:783)
    at b.<anonymous> (file:///usr/share/code/resources/app/out/vs/workbench/workbench.main.js:3315:395)
    at Generator.next (<anonymous>)
    at file:///usr/share/code/resources/app/out/vs/workbench/workbench.main.js:34:621
    at new Promise (<anonymous>)
    at n (file:///usr/share/code/resources/app/out/vs/workbench/workbench.main.js:34:398)
    at b.doMoveCopy (file:///usr/share/code/resources/app/out/vs/workbench/workbench.main.js:3315:320)
    at b.<anonymous> (file:///usr/share/code/resources/app/out/vs/workbench/workbench.main.js:3314:783)
    at Generator.next (<anonymous>)
    at r (file:///usr/share/code/resources/app/out/vs/workbench/workbench.main.js:34:454)
    at process._tickCallback (internal/process/next_tick.js:68:7)
[2019-07-31 13:42:40.006] [renderer1] [error] TypeScript Server Error (3.4.5)
Debug Failure. Did not expect JsxExpression to have an Identifier in its trivia
Error: Debug Failure. Did not expect JsxExpression to have an Identifier in its trivia
    at addSyntheticNodes (tsserver.js:119951:30)
    at createChildren (tsserver.js:119940:9)
    at NodeObject.getChildren (tsserver.js:119884:56)
    at findRightmostToken (tsserver.js:95857:26)
    at find (tsserver.js:95832:47)
    at find (tsserver.js:95836:32)
    at find (tsserver.js:95836:32)
    at find (tsserver.js:95836:32)
    at find (tsserver.js:95836:32)
    at find (tsserver.js:95836:32)
    at find (tsserver.js:95836:32)
    at find (tsserver.js:95836:32)
    at find (tsserver.js:95836:32)
    at find (tsserver.js:95836:32)
    at find (tsserver.js:95836:32)
    at find (tsserver.js:95836:32)
    at find (tsserver.js:95836:32)
    at find (tsserver.js:95836:32)
    at find (tsserver.js:95836:32)
    at find (tsserver.js:95836:32)
    at Object.findPrecedingToken (tsserver.js:95809:22)
    at Object.getCompletionsAtPosition (tsserver.js:98577:35)
    at Object.getCompletionsAtPosition (tsserver.js:120940:35)
    at IOSession.Session.getCompletions (tsserver.js:129968:64)
    at Session.handlers.ts.createMapFromTemplate._a.(anonymous function) (tsserver.js:128924:61)
    at tsserver.js:130466:88
    at IOSession.Session.executeWithRequestId (tsserver.js:130457:28)
    at IOSession.Session.executeCommand (tsserver.js:130466:33)
    at IOSession.Session.onMessage (tsserver.js:130488:35)
    at Interface.<anonymous> (tsserver.js:131789:27)
    at Interface.emit (events.js:182:13)
    at Interface._onLine (readline.js:290:10)
    at Interface._normalWrite (readline.js:433:12)
    at Socket.ondata (readline.js:149:10)
    at Socket.emit (events.js:182:13)
    at addChunk (_stream_readable.js:279:12)
    at readableAddChunk (_stream_readable.js:264:11)
    at Socket.Readable.push (_stream_readable.js:219:10)
    at Pipe.onread (net.js:636:20): Error: TypeScript Server Error (3.4.5)
Debug Failure. Did not expect JsxExpression to have an Identifier in its trivia
Error: Debug Failure. Did not expect JsxExpression to have an Identifier in its trivia
    at addSyntheticNodes (tsserver.js:119951:30)
    at createChildren (tsserver.js:119940:9)
    at NodeObject.getChildren (tsserver.js:119884:56)
    at findRightmostToken (tsserver.js:95857:26)
    at find (tsserver.js:95832:47)
    at find (tsserver.js:95836:32)
    at find (tsserver.js:95836:32)
    at find (tsserver.js:95836:32)
    at find (tsserver.js:95836:32)
    at find (tsserver.js:95836:32)
    at find (tsserver.js:95836:32)
    at find (tsserver.js:95836:32)
    at find (tsserver.js:95836:32)
    at find (tsserver.js:95836:32)
    at find (tsserver.js:95836:32)
    at find (tsserver.js:95836:32)
    at find (tsserver.js:95836:32)
    at find (tsserver.js:95836:32)
    at find (tsserver.js:95836:32)
    at find (tsserver.js:95836:32)
    at Object.findPrecedingToken (tsserver.js:95809:22)
    at Object.getCompletionsAtPosition (tsserver.js:98577:35)
    at Object.getCompletionsAtPosition (tsserver.js:120940:35)
    at IOSession.Session.getCompletions (tsserver.js:129968:64)
    at Session.handlers.ts.createMapFromTemplate._a.(anonymous function) (tsserver.js:128924:61)
    at tsserver.js:130466:88
    at IOSession.Session.executeWithRequestId (tsserver.js:130457:28)
    at IOSession.Session.executeCommand (tsserver.js:130466:33)
    at IOSession.Session.onMessage (tsserver.js:130488:35)
    at Interface.<anonymous> (tsserver.js:131789:27)
    at Interface.emit (events.js:182:13)
    at Interface._onLine (readline.js:290:10)
    at Interface._normalWrite (readline.js:433:12)
    at Socket.ondata (readline.js:149:10)
    at Socket.emit (events.js:182:13)
    at addChunk (_stream_readable.js:279:12)
    at readableAddChunk (_stream_readable.js:264:11)
    at Socket.Readable.push (_stream_readable.js:219:10)
    at Pipe.onread (net.js:636:20)
    at Function.create (/usr/share/code/resources/app/extensions/typescript-language-features/dist/extension.js:1:176267)
    at v.dispatchResponse (/usr/share/code/resources/app/extensions/typescript-language-features/dist/extension.js:1:181635)
    at v.dispatchMessage (/usr/share/code/resources/app/extensions/typescript-language-features/dist/extension.js:1:180387)
    at constructor._reader.onData.e (/usr/share/code/resources/app/extensions/typescript-language-features/dist/extension.js:1:179743)
    at u.fire (/usr/share/code/resources/app/out/vs/workbench/services/extensions/node/extensionHostProcess.js:47:720)
    at t.Reader.onLengthData (/usr/share/code/resources/app/extensions/typescript-language-features/dist/extension.js:1:185616)
    at Socket.t.Reader.constructor.e.on.e (/usr/share/code/resources/app/extensions/typescript-language-features/dist/extension.js:1:185264)
    at Socket.emit (events.js:182:13)
    at addChunk (_stream_readable.js:279:12)
    at readableAddChunk (_stream_readable.js:264:11)
    at Socket.Readable.push (_stream_readable.js:219:10)
    at Pipe.onread (net.js:636:20)
[2019-07-31 13:49:01.625] [renderer1] [error] Unable to move/copy when source path is equal or parent of target path: Error: Unable to move/copy when source path is equal or parent of target path
    at b.<anonymous> (file:///usr/share/code/resources/app/out/vs/workbench/workbench.main.js:3316:930)
    at Generator.next (<anonymous>)
    at file:///usr/share/code/resources/app/out/vs/workbench/workbench.main.js:34:621
    at new Promise (<anonymous>)
    at n (file:///usr/share/code/resources/app/out/vs/workbench/workbench.main.js:34:398)
    at b.doValidateMoveCopy (file:///usr/share/code/resources/app/out/vs/workbench/workbench.main.js:3316:783)
    at b.<anonymous> (file:///usr/share/code/resources/app/out/vs/workbench/workbench.main.js:3315:395)
    at Generator.next (<anonymous>)
    at file:///usr/share/code/resources/app/out/vs/workbench/workbench.main.js:34:621
    at new Promise (<anonymous>)
    at n (file:///usr/share/code/resources/app/out/vs/workbench/workbench.main.js:34:398)
    at b.doMoveCopy (file:///usr/share/code/resources/app/out/vs/workbench/workbench.main.js:3315:320)
    at b.<anonymous> (file:///usr/share/code/resources/app/out/vs/workbench/workbench.main.js:3314:783)
    at Generator.next (<anonymous>)
    at r (file:///usr/share/code/resources/app/out/vs/workbench/workbench.main.js:34:454)
    at process._tickCallback (internal/process/next_tick.js:68:7)
[2019-07-31 16:02:09.434] [renderer1] [error] Unable to move/copy when source path is equal or parent of target path: Error: Unable to move/copy when source path is equal or parent of target path
    at b.<anonymous> (file:///usr/share/code/resources/app/out/vs/workbench/workbench.main.js:3316:930)
    at Generator.next (<anonymous>)
    at file:///usr/share/code/resources/app/out/vs/workbench/workbench.main.js:34:621
    at new Promise (<anonymous>)
    at n (file:///usr/share/code/resources/app/out/vs/workbench/workbench.main.js:34:398)
    at b.doValidateMoveCopy (file:///usr/share/code/resources/app/out/vs/workbench/workbench.main.js:3316:783)
    at b.<anonymous> (file:///usr/share/code/resources/app/out/vs/workbench/workbench.main.js:3315:395)
    at Generator.next (<anonymous>)
    at file:///usr/share/code/resources/app/out/vs/workbench/workbench.main.js:34:621
    at new Promise (<anonymous>)
    at n (file:///usr/share/code/resources/app/out/vs/workbench/workbench.main.js:34:398)
    at b.doMoveCopy (file:///usr/share/code/resources/app/out/vs/workbench/workbench.main.js:3315:320)
    at b.<anonymous> (file:///usr/share/code/resources/app/out/vs/workbench/workbench.main.js:3314:783)
    at Generator.next (<anonymous>)
    at r (file:///usr/share/code/resources/app/out/vs/workbench/workbench.main.js:34:454)
    at process._tickCallback (internal/process/next_tick.js:68:7)
