[2019-07-31 08:21:38.818] [sharedprocess] [info] main {"machineId":"b115e23d1ad27094636a33ef9fc6dca987f5daf8bc392d4955c0418d68b8ee54"}
[2019-07-31 08:21:38.976] [sharedprocess] [info] Scanned system extensions: 72
[2019-07-31 08:21:38.979] [sharedprocess] [info] Scanned system extensions: 72
[2019-07-31 08:21:38.979] [sharedprocess] [info] Scanned system extensions: 72
[2019-07-31 08:21:39.049] [sharedprocess] [info] vscode-icons-team.vscode-icons 8.8.0 Running post uninstall script
[2019-07-31 08:21:39.165] [sharedprocess] [info] Scanned user extensions: 16
[2019-07-31 08:21:39.324] [sharedprocess] [info] Scanned user extensions: 16
[2019-07-31 08:21:39.392] [sharedprocess] [info] Scanned system extensions: 72
[2019-07-31 08:21:39.483] [sharedprocess] [info] Scanned user extensions: 16
[2019-07-31 08:21:39.725] [sharedprocess] [info] Scanned user extensions: 16
[2019-07-31 08:21:41.022] [sharedprocess] [info] vscode-icons-team.vscode-icons 8.8.0 Finished running post uninstall script
[2019-07-31 08:21:41.294] [sharedprocess] [info] Deleted from disk vscode-icons-team.vscode-icons /home/admin123/.vscode/extensions/vscode-icons-team.vscode-icons-8.8.0
[2019-07-31 08:21:41.399] [sharedprocess] [info] Scanned user extensions: 16
[2019-07-31 08:21:55.774] [sharedprocess] [info] Scanned user extensions: 16
[2019-07-31 08:21:55.775] [sharedprocess] [info] Scanned user extensions: 16
[2019-07-31 08:21:55.852] [sharedprocess] [info] Scanned system extensions: 72
[2019-07-31 08:21:55.859] [sharedprocess] [info] Scanned system extensions: 72
[2019-07-31 08:21:55.942] [sharedprocess] [info] Scanned user extensions: 16
[2019-07-31 08:21:55.962] [sharedprocess] [info] Scanned system extensions: 72
[2019-07-31 08:21:58.006] [sharedprocess] [info] Scanned user extensions: 16
[2019-07-31 08:22:18.834] [sharedprocess] [info] Starting to clean up unused language packs.
[2019-07-31 08:26:58.052] [sharedprocess] [info] Scanned user extensions: 16
[2019-07-31 08:31:58.080] [sharedprocess] [info] Scanned user extensions: 16
[2019-07-31 08:36:58.411] [sharedprocess] [info] Scanned user extensions: 16
[2019-07-31 08:41:58.685] [sharedprocess] [info] Scanned user extensions: 16
[2019-07-31 08:45:05.338] [sharedprocess] [info] Scanned user extensions: 16
[2019-07-31 08:45:05.339] [sharedprocess] [info] Scanned user extensions: 16
[2019-07-31 08:45:05.701] [sharedprocess] [info] Scanned system extensions: 72
[2019-07-31 08:45:05.708] [sharedprocess] [info] Scanned system extensions: 72
[2019-07-31 08:45:05.739] [sharedprocess] [info] Scanned user extensions: 16
[2019-07-31 08:45:05.755] [sharedprocess] [info] Scanned system extensions: 72
[2019-07-31 08:45:07.125] [sharedprocess] [info] Scanned user extensions: 16
[2019-07-31 08:47:19.656] [sharedprocess] [info] Scanned user extensions: 16
[2019-07-31 08:47:19.745] [sharedprocess] [info] Scanned system extensions: 72
[2019-07-31 08:47:19.851] [sharedprocess] [info] Scanned user extensions: 16
[2019-07-31 08:47:19.898] [sharedprocess] [info] Scanned system extensions: 72
[2019-07-31 08:47:22.119] [sharedprocess] [info] Scanned user extensions: 16
[2019-07-31 08:52:22.169] [sharedprocess] [info] Scanned user extensions: 16
[2019-07-31 08:57:22.406] [sharedprocess] [info] Scanned user extensions: 16
[2019-07-31 09:02:22.423] [sharedprocess] [info] Scanned user extensions: 16
[2019-07-31 09:07:22.457] [sharedprocess] [info] Scanned user extensions: 16
[2019-07-31 09:12:22.479] [sharedprocess] [info] Scanned user extensions: 16
[2019-07-31 09:17:22.507] [sharedprocess] [info] Scanned user extensions: 16
[2019-07-31 09:22:22.665] [sharedprocess] [info] Scanned user extensions: 16
[2019-07-31 09:27:22.787] [sharedprocess] [info] Scanned user extensions: 16
[2019-07-31 09:32:22.901] [sharedprocess] [info] Scanned user extensions: 16
[2019-07-31 09:37:22.924] [sharedprocess] [info] Scanned user extensions: 16
[2019-07-31 09:42:22.943] [sharedprocess] [info] Scanned user extensions: 16
[2019-07-31 09:47:23.180] [sharedprocess] [info] Scanned user extensions: 16
[2019-07-31 09:52:23.196] [sharedprocess] [info] Scanned user extensions: 16
[2019-07-31 09:57:23.213] [sharedprocess] [info] Scanned user extensions: 16
[2019-07-31 10:02:23.226] [sharedprocess] [info] Scanned user extensions: 16
[2019-07-31 10:07:23.261] [sharedprocess] [info] Scanned user extensions: 16
[2019-07-31 10:12:23.310] [sharedprocess] [info] Scanned user extensions: 16
[2019-07-31 10:17:23.339] [sharedprocess] [info] Scanned user extensions: 16
[2019-07-31 10:22:23.535] [sharedprocess] [info] Scanned user extensions: 16
[2019-07-31 10:27:23.554] [sharedprocess] [info] Scanned user extensions: 16
[2019-07-31 10:32:23.568] [sharedprocess] [info] Scanned user extensions: 16
[2019-07-31 10:37:23.582] [sharedprocess] [info] Scanned user extensions: 16
[2019-07-31 10:42:23.598] [sharedprocess] [info] Scanned user extensions: 16
[2019-07-31 10:47:23.614] [sharedprocess] [info] Scanned user extensions: 16
[2019-07-31 10:52:23.630] [sharedprocess] [info] Scanned user extensions: 16
[2019-07-31 10:57:23.644] [sharedprocess] [info] Scanned user extensions: 16
[2019-07-31 11:02:23.655] [sharedprocess] [info] Scanned user extensions: 16
[2019-07-31 11:07:23.691] [sharedprocess] [info] Scanned user extensions: 16
[2019-07-31 11:12:23.926] [sharedprocess] [info] Scanned user extensions: 16
[2019-07-31 11:17:23.941] [sharedprocess] [info] Scanned user extensions: 16
[2019-07-31 11:22:24.082] [sharedprocess] [info] Scanned user extensions: 16
[2019-07-31 11:27:24.098] [sharedprocess] [info] Scanned user extensions: 16
[2019-07-31 11:32:24.112] [sharedprocess] [info] Scanned user extensions: 16
[2019-07-31 11:37:24.126] [sharedprocess] [info] Scanned user extensions: 16
[2019-07-31 11:42:24.138] [sharedprocess] [info] Scanned user extensions: 16
[2019-07-31 11:47:24.153] [sharedprocess] [info] Scanned user extensions: 16
[2019-07-31 11:52:24.168] [sharedprocess] [info] Scanned user extensions: 16
[2019-07-31 11:57:24.186] [sharedprocess] [info] Scanned user extensions: 16
[2019-07-31 12:02:24.204] [sharedprocess] [info] Scanned user extensions: 16
[2019-07-31 12:07:24.220] [sharedprocess] [info] Scanned user extensions: 16
[2019-07-31 12:12:24.236] [sharedprocess] [info] Scanned user extensions: 16
[2019-07-31 12:17:24.254] [sharedprocess] [info] Scanned user extensions: 16
[2019-07-31 12:22:24.437] [sharedprocess] [info] Scanned user extensions: 16
[2019-07-31 12:27:24.451] [sharedprocess] [info] Scanned user extensions: 16
[2019-07-31 12:32:24.465] [sharedprocess] [info] Scanned user extensions: 16
[2019-07-31 12:37:24.481] [sharedprocess] [info] Scanned user extensions: 16
[2019-07-31 12:42:24.500] [sharedprocess] [info] Scanned user extensions: 16
[2019-07-31 12:47:24.519] [sharedprocess] [info] Scanned user extensions: 16
[2019-07-31 12:52:24.615] [sharedprocess] [info] Scanned user extensions: 16
[2019-07-31 12:57:24.661] [sharedprocess] [info] Scanned user extensions: 16
[2019-07-31 13:02:24.678] [sharedprocess] [info] Scanned user extensions: 16
[2019-07-31 13:07:24.715] [sharedprocess] [info] Scanned user extensions: 16
[2019-07-31 13:12:24.732] [sharedprocess] [info] Scanned user extensions: 16
[2019-07-31 13:17:24.743] [sharedprocess] [info] Scanned user extensions: 16
[2019-07-31 13:22:24.930] [sharedprocess] [info] Scanned user extensions: 16
[2019-07-31 13:27:24.944] [sharedprocess] [info] Scanned user extensions: 16
[2019-07-31 13:32:24.966] [sharedprocess] [info] Scanned user extensions: 16
[2019-07-31 13:37:24.978] [sharedprocess] [info] Scanned user extensions: 16
[2019-07-31 13:42:24.993] [sharedprocess] [info] Scanned user extensions: 16
[2019-07-31 13:47:25.006] [sharedprocess] [info] Scanned user extensions: 16
[2019-07-31 13:52:25.024] [sharedprocess] [info] Scanned user extensions: 16
[2019-07-31 13:57:25.037] [sharedprocess] [info] Scanned user extensions: 16
[2019-07-31 14:02:25.055] [sharedprocess] [info] Scanned user extensions: 16
[2019-07-31 14:07:25.074] [sharedprocess] [info] Scanned user extensions: 16
[2019-07-31 14:12:25.092] [sharedprocess] [info] Scanned user extensions: 16
[2019-07-31 14:17:25.107] [sharedprocess] [info] Scanned user extensions: 16
[2019-07-31 14:22:25.259] [sharedprocess] [info] Scanned user extensions: 16
[2019-07-31 14:27:25.285] [sharedprocess] [info] Scanned user extensions: 16
[2019-07-31 14:32:25.311] [sharedprocess] [info] Scanned user extensions: 16
[2019-07-31 14:37:25.331] [sharedprocess] [info] Scanned user extensions: 16
[2019-07-31 14:42:25.346] [sharedprocess] [info] Scanned user extensions: 16
[2019-07-31 14:47:25.360] [sharedprocess] [info] Scanned user extensions: 16
[2019-07-31 14:52:25.376] [sharedprocess] [info] Scanned user extensions: 16
[2019-07-31 14:57:25.391] [sharedprocess] [info] Scanned user extensions: 16
[2019-07-31 15:02:25.408] [sharedprocess] [info] Scanned user extensions: 16
[2019-07-31 15:07:25.420] [sharedprocess] [info] Scanned user extensions: 16
[2019-07-31 15:12:25.434] [sharedprocess] [info] Scanned user extensions: 16
[2019-07-31 15:17:25.448] [sharedprocess] [info] Scanned user extensions: 16
[2019-07-31 15:22:25.604] [sharedprocess] [info] Scanned user extensions: 16
[2019-07-31 15:27:25.625] [sharedprocess] [info] Scanned user extensions: 16
[2019-07-31 15:32:25.956] [sharedprocess] [info] Scanned user extensions: 16
[2019-07-31 15:37:26.079] [sharedprocess] [info] Scanned user extensions: 16
[2019-07-31 15:42:26.337] [sharedprocess] [info] Scanned user extensions: 16
[2019-07-31 15:47:27.435] [sharedprocess] [info] Scanned user extensions: 16
[2019-07-31 15:52:27.805] [sharedprocess] [info] Scanned user extensions: 16
[2019-07-31 15:57:28.616] [sharedprocess] [info] Scanned user extensions: 16
[2019-07-31 16:02:29.206] [sharedprocess] [info] Scanned user extensions: 16
[2019-07-31 16:07:29.448] [sharedprocess] [info] Scanned user extensions: 16
[2019-07-31 16:12:29.463] [sharedprocess] [info] Scanned user extensions: 16
[2019-07-31 16:17:29.478] [sharedprocess] [info] Scanned user extensions: 16
[2019-07-31 16:22:29.934] [sharedprocess] [info] Scanned user extensions: 16
[2019-07-31 16:27:30.150] [sharedprocess] [info] Scanned user extensions: 16
[2019-07-31 16:32:30.166] [sharedprocess] [info] Scanned user extensions: 16
[2019-07-31 16:37:30.180] [sharedprocess] [info] Scanned user extensions: 16
[2019-07-31 16:42:31.401] [sharedprocess] [info] Scanned user extensions: 16
[2019-07-31 16:47:31.706] [sharedprocess] [info] Scanned user extensions: 16
[2019-07-31 16:52:31.765] [sharedprocess] [info] Scanned user extensions: 16
[2019-07-31 16:57:32.150] [sharedprocess] [info] Scanned user extensions: 16
[2019-07-31 17:02:32.804] [sharedprocess] [info] Scanned user extensions: 16
[2019-07-31 17:07:33.034] [sharedprocess] [info] Scanned user extensions: 16
[2019-07-31 17:12:33.268] [sharedprocess] [info] Scanned user extensions: 16
[2019-07-31 17:17:34.110] [sharedprocess] [info] Scanned user extensions: 16
[2019-07-31 17:22:34.970] [sharedprocess] [info] Scanned user extensions: 16
[2019-07-31 17:27:34.989] [sharedprocess] [info] Scanned user extensions: 16
[2019-07-31 17:32:35.005] [sharedprocess] [info] Scanned user extensions: 16
